01:20:52 INFO:crack_code: found the target passeword in generation: 167 with Time: 1.47 s
01:20:52 INFO:crack_code: Generation: 167
01:20:52 INFO:crack_code: <Entity: GqneticAMgorithm@23> | fitness score: 0.8947368421052632
01:20:52 INFO:crack_code: <Entity: GeneticAMgorithm@23> | fitness score: 0.9473684210526315
01:20:52 INFO:crack_code: <Entity: GeneticAMgorithm@23> | fitness score: 0.9473684210526315
01:20:52 INFO:crack_code: <Entity: GeneticAMgorithm@23> | fitness score: 0.9473684210526315
01:20:52 INFO:crack_code: <Entity: GeneticAHgorithm@23> | fitness score: 0.9473684210526315
01:20:52 INFO:crack_code: <Entity: GeneticAMgorithm@23> | fitness score: 0.9473684210526315
01:20:52 INFO:crack_code: <Entity: GeneticAMgorithm@23> | fitness score: 0.9473684210526315
01:20:52 INFO:crack_code: <Entity: GeneticAMgorithm@23> | fitness score: 0.9473684210526315
01:20:52 INFO:crack_code: <Entity: GeneticAMgorithm@23> | fitness score: 0.9473684210526315
01:20:52 INFO:crack_code: <Entity: GeneticAMgorithm@23> | fitness score: 0.9473684210526315
01:20:52 INFO:crack_code: <Entity: Genet<cAMgorithm@23> | fitness score: 0.8947368421052632
01:20:52 INFO:crack_code: <Entity: GeneticAMgorithm@23> | fitness score: 0.9473684210526315
01:20:52 INFO:crack_code: <Entity: GeneticAMgorithm@23> | fitness score: 0.9473684210526315
01:20:52 INFO:crack_code: <Entity: GeneticAMgorithm@23> | fitness score: 0.9473684210526315
01:20:52 INFO:crack_code: <Entity: GeneticAHgorithm@23> | fitness score: 0.9473684210526315
01:20:52 INFO:crack_code: <Entity: GeneticAMgorithm@23> | fitness score: 0.9473684210526315
01:20:52 INFO:crack_code: <Entity: GeneticAMgorithm@23> | fitness score: 0.9473684210526315
01:20:52 INFO:crack_code: <Entity: GeneticAMgorithm@23> | fitness score: 0.9473684210526315
01:20:52 INFO:crack_code: <Entity: GeneticAMgorithm@23> | fitness score: 0.9473684210526315
01:20:52 INFO:crack_code: <Entity: GeneticAMgorithm@23> | fitness score: 0.9473684210526315
01:20:52 INFO:crack_code: <Entity: GeneticAHgorithm@23> | fitness score: 0.9473684210526315
01:20:52 INFO:crack_code: <Entity: GeneticAMgorithm@23> | fitness score: 0.9473684210526315
01:20:52 INFO:crack_code: <Entity: GeneticAMgorithm@23> | fitness score: 0.9473684210526315
01:20:52 INFO:crack_code: <Entity: GeneticAMgorithm@23> | fitness score: 0.9473684210526315
01:20:52 INFO:crack_code: <Entity: Genetic+Mgorithm@23> | fitness score: 0.8947368421052632
01:20:52 INFO:crack_code: <Entity: GeneticAMgorithm@23> | fitness score: 0.9473684210526315
01:20:52 INFO:crack_code: <Entity: GeneticAMgorithm@23> | fitness score: 0.9473684210526315
01:20:52 INFO:crack_code: <Entity: GeneticAHgori;hm@23> | fitness score: 0.8947368421052632
01:20:52 INFO:crack_code: <Entity: GeneticAMgorithm@25> | fitness score: 0.8947368421052632
01:20:52 INFO:crack_code: <Entity: Ge`eticAMgorithm@23> | fitness score: 0.8947368421052632
01:20:52 INFO:crack_code: <Entity: GOneticAMgorithm@23> | fitness score: 0.8947368421052632
01:20:52 INFO:crack_code: <Entity: GenGticAMgorithm@23> | fitness score: 0.8947368421052632
01:20:52 INFO:crack_code: <Entity: GeneticAMgorithm@23> | fitness score: 0.9473684210526315
01:20:52 INFO:crack_code: <Entity: GeneticAMgorithm@23> | fitness score: 0.9473684210526315
01:20:52 INFO:crack_code: <Entity: GeneticAMgorithm@23> | fitness score: 0.9473684210526315
01:20:52 INFO:crack_code: <Entity: GeneticAMgorithm@23> | fitness score: 0.9473684210526315
01:20:52 INFO:crack_code: <Entity: GeneticAMgorithm@23> | fitness score: 0.9473684210526315
01:20:52 INFO:crack_code: <Entity: GeneticABgorithm@23> | fitness score: 0.9473684210526315
01:20:52 INFO:crack_code: <Entity: GeneticAMgorithm@23> | fitness score: 0.9473684210526315
01:20:52 INFO:crack_code: <Entity: GeneticAMgorithm@23> | fitness score: 0.9473684210526315
01:20:52 INFO:crack_code: <Entity: GeneticAHgorithm@23> | fitness score: 0.9473684210526315
01:20:52 INFO:crack_code: <Entity: GeneticAMgorithm@23> | fitness score: 0.9473684210526315
01:20:52 INFO:crack_code: <Entity: GeneticAMgorithm@23> | fitness score: 0.9473684210526315
01:20:52 INFO:crack_code: <Entity: GeneticAMgorithm@23> | fitness score: 0.9473684210526315
01:20:52 INFO:crack_code: <Entity: GeneticAMgorithm@23> | fitness score: 0.9473684210526315
01:20:52 INFO:crack_code: <Entity: GeneticAMgorithm@23> | fitness score: 0.9473684210526315
01:20:52 INFO:crack_code: <Entity: GeneticAHgorithm@23> | fitness score: 0.9473684210526315
01:20:52 INFO:crack_code: <Entity: GeneticAMgorithm@23> | fitness score: 0.9473684210526315
01:20:52 INFO:crack_code: <Entity: GeneticAMgorithm@23> | fitness score: 0.9473684210526315
01:20:52 INFO:crack_code: <Entity: GeneticAMgorithm@23> | fitness score: 0.9473684210526315
01:20:52 INFO:crack_code: <Entity: GeneticAMgorithm@23> | fitness score: 0.9473684210526315
01:20:52 INFO:crack_code: <Entity: GeneticAMgorithm@23> | fitness score: 0.9473684210526315
01:20:52 INFO:crack_code: <Entity: GeneticAMgorithm@23> | fitness score: 0.9473684210526315
01:20:52 INFO:crack_code: <Entity: GeneticAMgorithm@23> | fitness score: 0.9473684210526315
01:20:52 INFO:crack_code: <Entity: GeneticAMgorithm@23> | fitness score: 0.9473684210526315
01:20:52 INFO:crack_code: <Entity: GeneticAMgorithm@23> | fitness score: 0.9473684210526315
01:20:52 INFO:crack_code: <Entity: GeneticAMgorithm@23> | fitness score: 0.9473684210526315
01:20:52 INFO:crack_code: <Entity: GeneticAMgorithm@23> | fitness score: 0.9473684210526315
01:20:52 INFO:crack_code: <Entity: GeneticAMgorithm@23> | fitness score: 0.9473684210526315
01:20:52 INFO:crack_code: <Entity: GeneticAMgorithm@23> | fitness score: 0.9473684210526315
01:20:52 INFO:crack_code: <Entity: GeneticAMgorithm@23> | fitness score: 0.9473684210526315
01:20:52 INFO:crack_code: <Entity: GeneticAMgorithm@23> | fitness score: 0.9473684210526315
01:20:52 INFO:crack_code: <Entity: GeneticAMgorithm@23> | fitness score: 0.9473684210526315
01:20:52 INFO:crack_code: <Entity: GeneticAHgorithm@23> | fitness score: 0.9473684210526315
01:20:52 INFO:crack_code: <Entity: GeneticAMgoritwm@23> | fitness score: 0.8947368421052632
01:20:52 INFO:crack_code: <Entity: GeneticAMgorithm@23> | fitness score: 0.9473684210526315
01:20:52 INFO:crack_code: <Entity: GeneticAMgorithm@23> | fitness score: 0.9473684210526315
01:20:52 INFO:crack_code: <Entity: GeneticAMgorithm@23> | fitness score: 0.9473684210526315
01:20:52 INFO:crack_code: <Entity: GeneticAMgorithm@23> | fitness score: 0.9473684210526315
01:20:52 INFO:crack_code: <Entity: GeneticAHgorithm@23> | fitness score: 0.9473684210526315
01:20:52 INFO:crack_code: <Entity: GeneticAMgorithm;23> | fitness score: 0.8947368421052632
01:20:52 INFO:crack_code: <Entity: GeneticAMgorithm@23> | fitness score: 0.9473684210526315
01:20:52 INFO:crack_code: <Entity: GeneticAHgorithm@23> | fitness score: 0.9473684210526315
01:20:52 INFO:crack_code: <Entity: GeneticAMgorithm@23> | fitness score: 0.9473684210526315
01:20:52 INFO:crack_code: <Entity: GeneticAMgorithm@23> | fitness score: 0.9473684210526315
01:20:52 INFO:crack_code: <Entity: GeneticAMgorithm@23> | fitness score: 0.9473684210526315
01:20:52 INFO:crack_code: <Entity: GeneticAHgorithm@23> | fitness score: 0.9473684210526315
01:20:52 INFO:crack_code: <Entity: GeneticAMgorithm@23> | fitness score: 0.9473684210526315
01:20:52 INFO:crack_code: <Entity: GeneticABgorithm@23> | fitness score: 0.9473684210526315
01:20:52 INFO:crack_code: <Entity: GeneticAMgorithm@23> | fitness score: 0.9473684210526315
01:20:52 INFO:crack_code: <Entity: GeneticAMgorithm@23> | fitness score: 0.9473684210526315
01:20:52 INFO:crack_code: <Entity: GeneticAMgorithm@23> | fitness score: 0.9473684210526315
01:20:52 INFO:crack_code: <Entity: GeneticAMgorithm@23> | fitness score: 0.9473684210526315
01:20:52 INFO:crack_code: <Entity: GeneticAHgorithm@23> | fitness score: 0.9473684210526315
01:20:52 INFO:crack_code: <Entity: GeneticAMgoritHm@23> | fitness score: 0.8947368421052632
01:20:52 INFO:crack_code: <Entity: GeneticAMgorithm:23> | fitness score: 0.8947368421052632
01:20:52 INFO:crack_code: <Entity: GeneticAMgorithm@23> | fitness score: 0.9473684210526315
01:20:52 INFO:crack_code: <Entity: GeneticAMgorithm@23> | fitness score: 0.9473684210526315
01:20:52 INFO:crack_code: <Entity: GeneticAHgorithm@23> | fitness score: 0.9473684210526315
01:20:52 INFO:crack_code: <Entity: GeneticAlgorithm@23> | fitness score: 1.0
01:20:52 INFO:crack_code: <Entity: GeneticAMgorithm@23> | fitness score: 0.9473684210526315
01:20:52 INFO:crack_code: <Entity: GeneticAMgorithm@23> | fitness score: 0.9473684210526315
01:20:52 INFO:crack_code: <Entity: GeneticAMgorithm923> | fitness score: 0.8947368421052632
01:20:52 INFO:crack_code: <Entity: GeneticAMgorithm@23> | fitness score: 0.9473684210526315
01:20:52 INFO:crack_code: <Entity: GeneticAMgorithm@23> | fitness score: 0.9473684210526315
01:20:52 INFO:crack_code: <Entity: GeneticAMgorithm@23> | fitness score: 0.9473684210526315
01:20:52 INFO:crack_code: <Entity: GeneticAHgorithm@23> | fitness score: 0.9473684210526315
01:20:52 INFO:crack_code: <Entity: GeneticAMgorithm@23> | fitness score: 0.9473684210526315
01:20:52 INFO:crack_code: <Entity: GeneticAMgorithm@23> | fitness score: 0.9473684210526315
01:20:52 INFO:crack_code: <Entity: GeneticAMgorithm@23> | fitness score: 0.9473684210526315
01:20:52 INFO:crack_code: <Entity: GeneticAwgorithm@23> | fitness score: 0.9473684210526315
01:20:52 INFO:crack_code: <Entity: GeneticAHgorithm@23> | fitness score: 0.9473684210526315
01:20:52 INFO:crack_code: <Entity: GeneticAHgorithm@23> | fitness score: 0.9473684210526315
01:20:52 INFO:crack_code: <Entity: GeneticAMgorithm@23> | fitness score: 0.9473684210526315
01:20:52 INFO:crack_code: <Entity: GeneticAMgorithm@23> | fitness score: 0.9473684210526315
01:20:52 INFO:crack_code: <Entity: GeneticAMgorithm@23> | fitness score: 0.9473684210526315
01:20:52 INFO:crack_code: <Entity: GeneticAMgorithm@23> | fitness score: 0.9473684210526315
01:20:52 INFO:crack_code: <Entity: GeneticAMgorithm@23> | fitness score: 0.9473684210526315
01:20:52 INFO:crack_code: <Entity: GeneticAMgorithm@23> | fitness score: 0.9473684210526315
01:20:52 INFO:crack_code: <Entity: Geneti5AM6orithm@23> | fitness score: 0.8421052631578947
01:20:52 INFO:crack_code: <Entity: GeneticAMgorithm@23> | fitness score: 0.9473684210526315
01:20:52 INFO:crack_code: <Entity: GeneticAMgorithm@23> | fitness score: 0.9473684210526315
01:20:52 INFO:crack_code: <Entity: GeneticAMgorithm@23> | fitness score: 0.9473684210526315
01:20:52 INFO:crack_code: <Entity: GeneticAMgorithm@23> | fitness score: 0.9473684210526315
01:20:52 INFO:crack_code: <Entity: GeneticAMgorithm@23> | fitness score: 0.9473684210526315
01:20:52 INFO:crack_code: <Entity: GeneticAMgorithm@23> | fitness score: 0.9473684210526315
01:20:52 INFO:crack_code: <Entity: GeneticAMgorithm@23> | fitness score: 0.9473684210526315
01:20:52 INFO:crack_code: <Entity: GeneticAMgorithm@23> | fitness score: 0.9473684210526315
01:20:52 INFO:crack_code: <Entity: GeneWicAMgorithm@23> | fitness score: 0.8947368421052632
01:20:52 INFO:crack_code: <Entity: GeneticAMgorithm@23> | fitness score: 0.9473684210526315
01:20:52 INFO:crack_code: <Entity: GeneticAMgorithm@23> | fitness score: 0.9473684210526315
01:20:52 INFO:crack_code: <Entity: GeneticAMgorithm@23> | fitness score: 0.9473684210526315
01:20:52 INFO:crack_code: <Entity: GeneticAMgorithm@23> | fitness score: 0.9473684210526315
01:20:52 INFO:crack_code: <Entity: GeneticAMgorithm@23> | fitness score: 0.9473684210526315
01:20:52 INFO:crack_code: <Entity: GeneticAMgorithm@23> | fitness score: 0.9473684210526315
01:20:52 INFO:crack_code: <Entity: GeneticAMgorithm@23> | fitness score: 0.9473684210526315
01:20:52 INFO:crack_code: <Entity: GeneticAMgorithm@23> | fitness score: 0.9473684210526315
01:20:52 INFO:crack_code: <Entity: GeneticAMgorithm@23> | fitness score: 0.9473684210526315
01:20:52 INFO:crack_code: <Entity: GeneticAMgorithm@23> | fitness score: 0.9473684210526315
01:20:52 INFO:crack_code: <Entity: GeneticAMgorithm@23> | fitness score: 0.9473684210526315
01:20:52 INFO:crack_code: <Entity: GeneticAMgorithm@23> | fitness score: 0.9473684210526315
01:20:52 INFO:crack_code: <Entity: GeneticAMgorithm@23> | fitness score: 0.9473684210526315
01:20:52 INFO:crack_code: <Entity: GeneticAHgorithm@23> | fitness score: 0.9473684210526315
01:20:52 INFO:crack_code: <Entity: GeneticAMgorithm@23> | fitness score: 0.9473684210526315
01:20:52 INFO:crack_code: <Entity: GeneticAMgorithm@23> | fitness score: 0.9473684210526315
01:20:52 INFO:crack_code: <Entity: GeneticAMgorithm@23> | fitness score: 0.9473684210526315
01:20:52 INFO:crack_code: <Entity: GeneticAMgorithm@23> | fitness score: 0.9473684210526315
01:20:52 INFO:crack_code: <Entity: GeneticAHgorithm@23> | fitness score: 0.9473684210526315
01:20:52 INFO:crack_code: <Entity: GeneticAMgorithm@23> | fitness score: 0.9473684210526315
01:20:52 INFO:crack_code: <Entity: GgneticAMgorithm@23> | fitness score: 0.8947368421052632
01:20:52 INFO:crack_code: <Entity: GeneticAlgorithm@23> | fitness score: 1.0
01:20:52 INFO:crack_code: <Entity: GeneticAHgorithm@23> | fitness score: 0.9473684210526315
01:20:52 INFO:crack_code: <Entity: GeneticAMgorithm@23> | fitness score: 0.9473684210526315
01:20:52 INFO:crack_code: <Entity: GeneticAMgorithm@23> | fitness score: 0.9473684210526315
01:20:52 INFO:crack_code: <Entity: GeneticAMgorithm@23> | fitness score: 0.9473684210526315
01:20:52 INFO:crack_code: <Entity: GeneticAMgorithm@23> | fitness score: 0.9473684210526315
01:20:52 INFO:crack_code: <Entity: GeneticAMgorithm@23> | fitness score: 0.9473684210526315
01:20:52 INFO:crack_code: <Entity: GeneticAHgorithm@23> | fitness score: 0.9473684210526315
01:20:52 INFO:crack_code: <Entity: GeneticAMgorithm@23> | fitness score: 0.9473684210526315
01:20:52 INFO:crack_code: <Entity: GeneticAMgorithm@23> | fitness score: 0.9473684210526315
01:21:17 INFO:crack_code: found the target passeword in generation: 171 with Time: 1.49 s
01:21:17 INFO:crack_code: Generation: 171
01:21:17 INFO:crack_code: <Entity: GEneticAlgorithm@23> | fitness score: 0.9473684210526315
01:21:17 INFO:crack_code: <Entity: GEneticAlgorithm@23> | fitness score: 0.9473684210526315
01:21:17 INFO:crack_code: <Entity: GEneticAlgorithm@23> | fitness score: 0.9473684210526315
01:21:17 INFO:crack_code: <Entity: GcneticAlgorithm@23> | fitness score: 0.9473684210526315
01:21:17 INFO:crack_code: <Entity: GEneticAlgorithm@23> | fitness score: 0.9473684210526315
01:21:17 INFO:crack_code: <Entity: GcneticAlgorithm@23> | fitness score: 0.9473684210526315
01:21:17 INFO:crack_code: <Entity: GEneticAlgorithm@23> | fitness score: 0.9473684210526315
01:21:17 INFO:crack_code: <Entity: GEneticAlgorithm@23> | fitness score: 0.9473684210526315
01:21:17 INFO:crack_code: <Entity: GhneticAlgorithm@23> | fitness score: 0.9473684210526315
01:21:17 INFO:crack_code: <Entity: GcneticAlgorithm@23> | fitness score: 0.9473684210526315
01:21:17 INFO:crack_code: <Entity: GEneticAlgorithm@23> | fitness score: 0.9473684210526315
01:21:17 INFO:crack_code: <Entity: G#neticAlgorithm@23> | fitness score: 0.9473684210526315
01:21:17 INFO:crack_code: <Entity: GEneticAlgorithm@23> | fitness score: 0.9473684210526315
01:21:17 INFO:crack_code: <Entity: GcneticAlgorithm@23> | fitness score: 0.9473684210526315
01:21:17 INFO:crack_code: <Entity: GVneticAlgorithm@23> | fitness score: 0.9473684210526315
01:21:17 INFO:crack_code: <Entity: GcneticAlgorithm@23> | fitness score: 0.9473684210526315
01:21:17 INFO:crack_code: <Entity: G#neticAlgorithm@23> | fitness score: 0.9473684210526315
01:21:17 INFO:crack_code: <Entity: GhneticAlgorithm@23> | fitness score: 0.9473684210526315
01:21:17 INFO:crack_code: <Entity: GEneticAlgorithm@23> | fitness score: 0.9473684210526315
01:21:17 INFO:crack_code: <Entity: GEneticAlgorithm@23> | fitness score: 0.9473684210526315
01:21:17 INFO:crack_code: <Entity: GEneticAlgoritnm@23> | fitness score: 0.8947368421052632
01:21:17 INFO:crack_code: <Entity: GcneticAlgorithmD23> | fitness score: 0.8947368421052632
01:21:17 INFO:crack_code: <Entity: GEneticAlgorithm@23> | fitness score: 0.9473684210526315
01:21:17 INFO:crack_code: <Entity: GEneticAlgorithm@23> | fitness score: 0.9473684210526315
01:21:17 INFO:crack_code: <Entity: GEneticAlgor.thm@23> | fitness score: 0.8947368421052632
01:21:17 INFO:crack_code: <Entity: GEneticAOgorithm@23> | fitness score: 0.8947368421052632
01:21:17 INFO:crack_code: <Entity: GcneticAlgorithm@23> | fitness score: 0.9473684210526315
01:21:17 INFO:crack_code: <Entity: GcneticAlgorithm@23> | fitness score: 0.9473684210526315
01:21:17 INFO:crack_code: <Entity: GcneticAlgorithm@23> | fitness score: 0.9473684210526315
01:21:17 INFO:crack_code: <Entity: GEneticAlgorithm@23> | fitness score: 0.9473684210526315
01:21:17 INFO:crack_code: <Entity: GEneticAlgorithm@23> | fitness score: 0.9473684210526315
01:21:17 INFO:crack_code: <Entity: GEneticAlgorithm@23> | fitness score: 0.9473684210526315
01:21:17 INFO:crack_code: <Entity: G#n1ticAlgorith4423> | fitness score: 0.7894736842105263
01:21:17 INFO:crack_code: <Entity: GEneticAlgorithm@23> | fitness score: 0.9473684210526315
01:21:17 INFO:crack_code: <Entity: GEnet|cAlgorithm@23> | fitness score: 0.8947368421052632
01:21:17 INFO:crack_code: <Entity: G#neticDlgorithm@23> | fitness score: 0.8947368421052632
01:21:17 INFO:crack_code: <Entity: GkneticAlgorithm@23> | fitness score: 0.9473684210526315
01:21:17 INFO:crack_code: <Entity: GcneticAlgorithm@23> | fitness score: 0.9473684210526315
01:21:17 INFO:crack_code: <Entity: GcneticAlgorithm@23> | fitness score: 0.9473684210526315
01:21:17 INFO:crack_code: <Entity: G#net;cAlgorithm@23> | fitness score: 0.8947368421052632
01:21:17 INFO:crack_code: <Entity: GEneticAlgorithm@23> | fitness score: 0.9473684210526315
01:21:17 INFO:crack_code: <Entity: GcneticAlgorithm@23> | fitness score: 0.9473684210526315
01:21:17 INFO:crack_code: <Entity: GEneticAlgorithQ@23> | fitness score: 0.8947368421052632
01:21:17 INFO:crack_code: <Entity: GcneticAlgorithm@23> | fitness score: 0.9473684210526315
01:21:17 INFO:crack_code: <Entity: GcneticAlgorithm@23> | fitness score: 0.9473684210526315
01:21:17 INFO:crack_code: <Entity: GcneticAlgorithm@23> | fitness score: 0.9473684210526315
01:21:17 INFO:crack_code: <Entity: G#neticAlgorithmN23> | fitness score: 0.8947368421052632
01:21:17 INFO:crack_code: <Entity: GEneticAlgorithm@23> | fitness score: 0.9473684210526315
01:21:17 INFO:crack_code: <Entity: GdneticAlgorithm@23> | fitness score: 0.9473684210526315
01:21:17 INFO:crack_code: <Entity: GcneticAlgorithm@23> | fitness score: 0.9473684210526315
01:21:17 INFO:crack_code: <Entity: G#neticAlgorithm@23> | fitness score: 0.9473684210526315
01:21:17 INFO:crack_code: <Entity: GEneticAlgori?hm@23> | fitness score: 0.8947368421052632
01:21:17 INFO:crack_code: <Entity: GEneticAlgorithm@23> | fitness score: 0.9473684210526315
01:21:17 INFO:crack_code: <Entity: GhneticAlgorithm@23> | fitness score: 0.9473684210526315
01:21:17 INFO:crack_code: <Entity: GEneticAlg'rithm@23> | fitness score: 0.8947368421052632
01:21:17 INFO:crack_code: <Entity: GdneticAlgorithm@23> | fitness score: 0.9473684210526315
01:21:17 INFO:crack_code: <Entity: GEYeticAlgorithm@23> | fitness score: 0.8947368421052632
01:21:17 INFO:crack_code: <Entity: GEneticAlgorithm@23> | fitness score: 0.9473684210526315
01:21:17 INFO:crack_code: <Entity: GEneticAlgorithm@23> | fitness score: 0.9473684210526315
01:21:17 INFO:crack_code: <Entity: G#neticAlgorithm@23> | fitness score: 0.9473684210526315
01:21:17 INFO:crack_code: <Entity: GcneticAlgorithm@23> | fitness score: 0.9473684210526315
01:21:17 INFO:crack_code: <Entity: GEneticAlgoQithm@23> | fitness score: 0.8947368421052632
01:21:17 INFO:crack_code: <Entity: GcneticAlgorithm@23> | fitness score: 0.9473684210526315
01:21:17 INFO:crack_code: <Entity: GEneticAlgorithm@23> | fitness score: 0.9473684210526315
01:21:17 INFO:crack_code: <Entity: GEneticAlgorithm@23> | fitness score: 0.9473684210526315
01:21:17 INFO:crack_code: <Entity: GEneticAlgorithm@<3> | fitness score: 0.8947368421052632
01:21:17 INFO:crack_code: <Entity: G#neticAlgorithm@23> | fitness score: 0.9473684210526315
01:21:17 INFO:crack_code: <Entity: GEneticAlgorithm@23> | fitness score: 0.9473684210526315
01:21:17 INFO:crack_code: <Entity: G#neticAlgDrithm@23> | fitness score: 0.8947368421052632
01:21:17 INFO:crack_code: <Entity: GdneticAAgorithm@23> | fitness score: 0.8947368421052632
01:21:17 INFO:crack_code: <Entity: GcneticAlgorithm@23> | fitness score: 0.9473684210526315
01:21:17 INFO:crack_code: <Entity: GcneticAlgorithm@23> | fitness score: 0.9473684210526315
01:21:17 INFO:crack_code: <Entity: GEnet;cAlgorithm@23> | fitness score: 0.8947368421052632
01:21:17 INFO:crack_code: <Entity: GhneticAlgorithm@23> | fitness score: 0.9473684210526315
01:21:17 INFO:crack_code: <Entity: G#neticAlgorithm@23> | fitness score: 0.9473684210526315
01:21:17 INFO:crack_code: <Entity: GEneticAlgorithm@23> | fitness score: 0.9473684210526315
01:21:17 INFO:crack_code: <Entity: GEneticAlgorithm@23> | fitness score: 0.9473684210526315
01:21:17 INFO:crack_code: <Entity: GcneticAlgorithm@23> | fitness score: 0.9473684210526315
01:21:17 INFO:crack_code: <Entity: Gcn%ticAlgorithm@23> | fitness score: 0.8947368421052632
01:21:17 INFO:crack_code: <Entity: G#neticAlgoritGm@23> | fitness score: 0.8947368421052632
01:21:17 INFO:crack_code: <Entity: GEneticAlgorithm@23> | fitness score: 0.9473684210526315
01:21:17 INFO:crack_code: <Entity: GEneticAlgorithm@23> | fitness score: 0.9473684210526315
01:21:17 INFO:crack_code: <Entity: GEneticAlgorithm@23> | fitness score: 0.9473684210526315
01:21:17 INFO:crack_code: <Entity: GEneticAlgorithm@23> | fitness score: 0.9473684210526315
01:21:17 INFO:crack_code: <Entity: GcneticAlgorithm@23> | fitness score: 0.9473684210526315
01:21:17 INFO:crack_code: <Entity: GEneticAlgorithm@23> | fitness score: 0.9473684210526315
01:21:17 INFO:crack_code: <Entity: GcneticAlgorithm@23> | fitness score: 0.9473684210526315
01:21:17 INFO:crack_code: <Entity: GcneticAlgorithm@23> | fitness score: 0.9473684210526315
01:21:17 INFO:crack_code: <Entity: GEnetiVAlgorithm@23> | fitness score: 0.8947368421052632
01:21:17 INFO:crack_code: <Entity: GEneticAlgorithm@23> | fitness score: 0.9473684210526315
01:21:17 INFO:crack_code: <Entity: GEneticAlgorithm@23> | fitness score: 0.9473684210526315
01:21:17 INFO:crack_code: <Entity: GEneticAlg=rithm@23> | fitness score: 0.8947368421052632
01:21:17 INFO:crack_code: <Entity: GEneticAlgorithm@23> | fitness score: 0.9473684210526315
01:21:17 INFO:crack_code: <Entity: GcnetiTAlgorithm@23> | fitness score: 0.8947368421052632
01:21:17 INFO:crack_code: <Entity: GEneticAlgorithm@23> | fitness score: 0.9473684210526315
01:21:17 INFO:crack_code: <Entity: GcneticAlgorithm@23> | fitness score: 0.9473684210526315
01:21:17 INFO:crack_code: <Entity: GEneticAlgorithm@23> | fitness score: 0.9473684210526315
01:21:17 INFO:crack_code: <Entity: GEneticAlgorithm@23> | fitness score: 0.9473684210526315
01:21:17 INFO:crack_code: <Entity: G#neticAlgorithm@23> | fitness score: 0.9473684210526315
01:21:17 INFO:crack_code: <Entity: GcneticAlgorithm@23> | fitness score: 0.9473684210526315
01:21:17 INFO:crack_code: <Entity: GEneticAlgorithm@23> | fitness score: 0.9473684210526315
01:21:17 INFO:crack_code: <Entity: GEneticflgorithm@-3> | fitness score: 0.8421052631578947
01:21:17 INFO:crack_code: <Entity: G#neticAlgori5hm@23> | fitness score: 0.8947368421052632
01:21:17 INFO:crack_code: <Entity: G#neticAlgorithm@23> | fitness score: 0.9473684210526315
01:21:17 INFO:crack_code: <Entity: GcneticAlgorithm@23> | fitness score: 0.9473684210526315
01:21:17 INFO:crack_code: <Entity: G#neticAlgorithm@23> | fitness score: 0.9473684210526315
01:21:17 INFO:crack_code: <Entity: GEneticAlgorithm@23> | fitness score: 0.9473684210526315
01:21:17 INFO:crack_code: <Entity: GEneticAlgorithm@23> | fitness score: 0.9473684210526315
01:21:17 INFO:crack_code: <Entity: G#neticAlgorithm@23> | fitness score: 0.9473684210526315
01:21:17 INFO:crack_code: <Entity: GEneticAlgorithm@23> | fitness score: 0.9473684210526315
01:21:17 INFO:crack_code: <Entity: GEneticAlgzrithm@23> | fitness score: 0.8947368421052632
01:21:17 INFO:crack_code: <Entity: GEneticAlgorithm@23> | fitness score: 0.9473684210526315
01:21:17 INFO:crack_code: <Entity: GEneticAlgorithm@23> | fitness score: 0.9473684210526315
01:21:17 INFO:crack_code: <Entity: GEneticAlgorithm@23> | fitness score: 0.9473684210526315
01:21:17 INFO:crack_code: <Entity: GEneticAlgorithm@23> | fitness score: 0.9473684210526315
01:21:17 INFO:crack_code: <Entity: GEneticAlgorithm@23> | fitness score: 0.9473684210526315
01:21:17 INFO:crack_code: <Entity: GcneticAlgorithm@23> | fitness score: 0.9473684210526315
01:21:17 INFO:crack_code: <Entity: GcneticAlgorithm@23> | fitness score: 0.9473684210526315
01:21:17 INFO:crack_code: <Entity: <cneticA4gorithm@23> | fitness score: 0.8421052631578947
01:21:17 INFO:crack_code: <Entity: GEneticAlgorithm@23> | fitness score: 0.9473684210526315
01:21:17 INFO:crack_code: <Entity: GEneticAlgorithm@23> | fitness score: 0.9473684210526315
01:21:17 INFO:crack_code: <Entity: GEneticAlgorithm@23> | fitness score: 0.9473684210526315
01:21:17 INFO:crack_code: <Entity: GEneticAlgorithm@23> | fitness score: 0.9473684210526315
01:21:17 INFO:crack_code: <Entity: GEneticAlgorithm@23> | fitness score: 0.9473684210526315
01:21:17 INFO:crack_code: <Entity: GEneticAlgorithm@23> | fitness score: 0.9473684210526315
01:21:17 INFO:crack_code: <Entity: GEneticAlgorithm@23> | fitness score: 0.9473684210526315
01:21:17 INFO:crack_code: <Entity: GEneticAlgoritHm@23> | fitness score: 0.8947368421052632
01:21:17 INFO:crack_code: <Entity: GEneticAlgorithm@23> | fitness score: 0.9473684210526315
01:21:17 INFO:crack_code: <Entity: G#neticAlgorithm@23> | fitness score: 0.9473684210526315
01:21:17 INFO:crack_code: <Entity: G#neticAlgorithm/23> | fitness score: 0.8947368421052632
01:21:17 INFO:crack_code: <Entity: GEneticAlgorith6@23> | fitness score: 0.8947368421052632
01:21:17 INFO:crack_code: <Entity: GEneticAlgorithm@23> | fitness score: 0.9473684210526315
01:21:17 INFO:crack_code: <Entity: GEneticAlgorithm@23> | fitness score: 0.9473684210526315
01:21:17 INFO:crack_code: <Entity: G#netic2lgor?thm@23> | fitness score: 0.8421052631578947
01:21:17 INFO:crack_code: <Entity: GEneticAlgorithm@23> | fitness score: 0.9473684210526315
01:21:17 INFO:crack_code: <Entity: GEneticAlXorithm@23> | fitness score: 0.8947368421052632
01:21:17 INFO:crack_code: <Entity: GeneticAlgorithm@23> | fitness score: 1.0
01:21:17 INFO:crack_code: <Entity: GcneticAlgorithm@23> | fitness score: 0.9473684210526315
01:21:17 INFO:crack_code: <Entity: GEneticAlgorithm@23> | fitness score: 0.9473684210526315
01:21:17 INFO:crack_code: <Entity: GEneticAlgorithm@23> | fitness score: 0.9473684210526315
01:21:17 INFO:crack_code: <Entity: GEneticAlgorithm@23> | fitness score: 0.9473684210526315
01:21:17 INFO:crack_code: <Entity: GcneticAlgorithm@23> | fitness score: 0.9473684210526315
01:21:17 INFO:crack_code: <Entity: GcneticAlgorithm@23> | fitness score: 0.9473684210526315
01:21:17 INFO:crack_code: <Entity: GcneticAlgorithm@23> | fitness score: 0.9473684210526315
01:21:17 INFO:crack_code: <Entity: G#neticAlgorithm@23> | fitness score: 0.9473684210526315
01:21:17 INFO:crack_code: <Entity: GcneticAlgorithm@23> | fitness score: 0.9473684210526315
01:21:17 INFO:crack_code: <Entity: GEneticAlgorithm@23> | fitness score: 0.9473684210526315
01:21:17 INFO:crack_code: <Entity: GhneticAlgorithm@23> | fitness score: 0.9473684210526315
01:21:17 INFO:crack_code: <Entity: G#neticAlgorithm@23> | fitness score: 0.9473684210526315
01:21:17 INFO:crack_code: <Entity: G#neticAlgorithm@23> | fitness score: 0.9473684210526315
